1 App B/app/build/intermediates/manifest_merge_blame_file/debug/manifest-merger-blame-debug-report.txt
1<?xml version="1.0" encoding="utf-8"?>
2<manifest xmlns:android="http://schemas.android.com/apk/res/android"
3    package="com.example.appb"
4    android:versionCode="1"
5    android:versionName="1.0" >
6
7    <uses-sdk
7-->src\main\AndroidManifest.xml:6:5-47
8        android:minSdkVersion="8"
8-->src\main\AndroidManifest.xml:6:5-47
9        android:targetSdkVersion="15" />
9-->src\main\AndroidManifest.xml:6:15-44
10
11    <uses-permission android:name="android.permission.WRITE_EXTERNAL_STORAGE" />
11-->src\main\AndroidManifest.xml:8:5-97
11-->src\main\AndroidManifest.xml:8:22-78
12    <uses-permission android:name="android.permission.READ_EXTERNAL_STORAGE" />
12-->src\main\AndroidManifest.xml:9:5-96
12-->src\main\AndroidManifest.xml:9:22-77
13    <uses-permission android:name="android.permission.GET_ACCOUNTS" />
13-->src\main\AndroidManifest.xml:10:5-71
13-->src\main\AndroidManifest.xml:10:22-68
14    <uses-permission android:name="android.permission.INTERNET" />
14-->src\main\AndroidManifest.xml:11:5-67
14-->src\main\AndroidManifest.xml:11:22-64
15    <uses-permission android:name="android.permission.ACCESS_NETWORK_STATE" />
15-->src\main\AndroidManifest.xml:12:5-79
15-->src\main\AndroidManifest.xml:12:22-76
16
17    <application
17-->src\main\AndroidManifest.xml:14:5-30:19
18        android:debuggable="true"
19        android:icon="@drawable/ic_launcher"
19-->src\main\AndroidManifest.xml:15:9-45
20        android:label="@string/app_name"
20-->src\main\AndroidManifest.xml:16:9-41
21        android:testOnly="true"
22        android:theme="@style/AppTheme" >
22-->src\main\AndroidManifest.xml:17:9-40
23        <activity android:name="com.example.appb.FileList" >
23-->src\main\AndroidManifest.xml:18:9-25:20
23-->src\main\AndroidManifest.xml:19:13-37
24            <intent-filter>
24-->src\main\AndroidManifest.xml:20:13-24:29
25                <action android:name="android.intent.action.MAIN" />
25-->src\main\AndroidManifest.xml:21:17-69
25-->src\main\AndroidManifest.xml:21:25-66
26
27                <category android:name="android.intent.category.LAUNCHER" />
27-->src\main\AndroidManifest.xml:23:17-77
27-->src\main\AndroidManifest.xml:23:27-74
28            </intent-filter>
29        </activity>
30        <activity android:name="com.example.appb.HomeActivity" />
30-->src\main\AndroidManifest.xml:27:9-49
30-->src\main\AndroidManifest.xml:27:19-47
31        <activity android:name="com.example.appb.CallActivity" />
31-->src\main\AndroidManifest.xml:28:9-49
31-->src\main\AndroidManifest.xml:28:19-47
32    </application>
33
34</manifest>